The target system is: Generic -  - arm
The host system is: Linux - 5.10.16.3-microsoft-standard-WSL2 - x86_64
Compiling the C compiler identification source file "CMakeCCompilerId.c" succeeded.
Compiler: /usr/local/bin/arm-none-eabi-gcc 
Build flags: 
Id flags: -c 

The output was:
0


Compilation of the C compiler identification source "CMakeCCompilerId.c" produced "CMakeCCompilerId.o"

The C compiler identification is GNU, found in "/workspaces/stm32f1/build/CMakeFiles/3.25.1/CompilerIdC/CMakeCCompilerId.o"

Checking whether the ASM compiler is GNU using "--version" matched "(GNU assembler)|(GCC)|(Free Software Foundation)":
arm-none-eabi-gcc (xPack GNU Arm Embedded GCC, 64-bit) 9.3.1 20200408 (release)
Copyright (C) 2019 Free Software Foundation, Inc.
This is free software; see the source for copying conditions.  There is NO
warranty; not even for MERCHANTABILITY or FITNESS FOR A PARTICULAR PURPOSE.

Detecting C compiler ABI info compiled with the following output:
Change Dir: /workspaces/stm32f1/build/CMakeFiles/CMakeScratch/TryCompile-8tE0CS

Run Build Command(s):/usr/bin/gmake -f Makefile cmTC_13ba8/fast && /usr/bin/gmake  -f CMakeFiles/cmTC_13ba8.dir/build.make CMakeFiles/cmTC_13ba8.dir/build
gmake[1]: Entering directory '/workspaces/stm32f1/build/CMakeFiles/CMakeScratch/TryCompile-8tE0CS'
Building C object CMakeFiles/cmTC_13ba8.dir/CMakeCCompilerABI.c.obj
/usr/local/bin/arm-none-eabi-gcc   -v -o CMakeFiles/cmTC_13ba8.dir/CMakeCCompilerABI.c.obj -c /usr/share/cmake-3.25/Modules/CMakeCCompilerABI.c
Using built-in specs.
COLLECT_GCC=/usr/local/bin/arm-none-eabi-gcc
Target: arm-none-eabi
Configured with: /Host/home/ilg/Work/arm-none-eabi-gcc-9.3.1-1.1/sources/gcc/configure --prefix=/Host/home/ilg/Work/arm-none-eabi-gcc-9.3.1-1.1/linux-x64/install/arm-none-eabi-gcc --infodir=/Host/home/ilg/Work/arm-none-eabi-gcc-9.3.1-1.1/linux-x64/install/arm-none-eabi-gcc/share/doc/info --mandir=/Host/home/ilg/Work/arm-none-eabi-gcc-9.3.1-1.1/linux-x64/install/arm-none-eabi-gcc/share/doc/man --htmldir=/Host/home/ilg/Work/arm-none-eabi-gcc-9.3.1-1.1/linux-x64/install/arm-none-eabi-gcc/share/doc/html --pdfdir=/Host/home/ilg/Work/arm-none-eabi-gcc-9.3.1-1.1/linux-x64/install/arm-none-eabi-gcc/share/doc/pdf --build=x86_64-unknown-linux-gnu --host=x86_64-unknown-linux-gnu --target=arm-none-eabi --with-pkgversion='xPack GNU Arm Embedded GCC\x2C 64-bit' --enable-languages=c,c++ --disable-mingw-wildcard --enable-plugins --enable-lto --disable-decimal-float --disable-libffi --disable-libgomp --disable-libmudflap --disable-libquadmath --disable-libssp --disable-libstdcxx-pch --disable-nls --disable-threads --disable-tls --with-gnu-as --with-gnu-ld --with-newlib --with-headers=yes --with-python-dir=share/gcc-arm-none-eabi --with-sysroot=/Host/home/ilg/Work/arm-none-eabi-gcc-9.3.1-1.1/linux-x64/install/arm-none-eabi-gcc/arm-none-eabi --with-native-system-header-dir=/include --with-multilib-list=rmprofile --disable-rpath --disable-build-format-warnings --with-system-zlib
Thread model: single
gcc version 9.3.1 20200408 (release) (xPack GNU Arm Embedded GCC, 64-bit) 
COLLECT_GCC_OPTIONS='-v' '-o' 'CMakeFiles/cmTC_13ba8.dir/CMakeCCompilerABI.c.obj' '-c' '-mcpu=arm7tdmi' '-mfloat-abi=soft' '-marm' '-march=armv4t'
 /usr/local/bin/../libexec/gcc/arm-none-eabi/9.3.1/cc1 -quiet -v -iprefix /usr/local/bin/../lib/gcc/arm-none-eabi/9.3.1/ -isysroot /usr/local/bin/../arm-none-eabi -D__USES_INITFINI__ /usr/share/cmake-3.25/Modules/CMakeCCompilerABI.c -quiet -dumpbase CMakeCCompilerABI.c -mcpu=arm7tdmi -mfloat-abi=soft -marm -march=armv4t -auxbase-strip CMakeFiles/cmTC_13ba8.dir/CMakeCCompilerABI.c.obj -version -o /tmp/ccdZV1M1.s
GNU C17 (xPack GNU Arm Embedded GCC, 64-bit) version 9.3.1 20200408 (release) (arm-none-eabi)
	compiled by GNU C version 9.3.0, GMP version 6.1.0, MPFR version 3.1.4, MPC version 1.0.3, isl version isl-0.18-GMP

GGC heuristics: --param ggc-min-expand=100 --param ggc-min-heapsize=131072
ignoring duplicate directory "/usr/local/bin/../lib/gcc/../../lib/gcc/arm-none-eabi/9.3.1/include"
ignoring nonexistent directory "/usr/local/bin/../arm-none-eabi/usr/local/include"
ignoring duplicate directory "/usr/local/bin/../lib/gcc/../../lib/gcc/arm-none-eabi/9.3.1/include-fixed"
ignoring duplicate directory "/usr/local/bin/../lib/gcc/../../lib/gcc/arm-none-eabi/9.3.1/../../../../arm-none-eabi/include"
ignoring duplicate directory "/usr/local/bin/../arm-none-eabi/include"
#include "..." search starts here:
#include <...> search starts here:
 /usr/local/bin/../lib/gcc/arm-none-eabi/9.3.1/include
 /usr/local/bin/../lib/gcc/arm-none-eabi/9.3.1/include-fixed
 /usr/local/bin/../lib/gcc/arm-none-eabi/9.3.1/../../../../arm-none-eabi/include
End of search list.
GNU C17 (xPack GNU Arm Embedded GCC, 64-bit) version 9.3.1 20200408 (release) (arm-none-eabi)
	compiled by GNU C version 9.3.0, GMP version 6.1.0, MPFR version 3.1.4, MPC version 1.0.3, isl version isl-0.18-GMP

GGC heuristics: --param ggc-min-expand=100 --param ggc-min-heapsize=131072
Compiler executable checksum: a55790bf8dcb536545ff83631419db5e
COLLECT_GCC_OPTIONS='-v' '-o' 'CMakeFiles/cmTC_13ba8.dir/CMakeCCompilerABI.c.obj' '-c' '-mcpu=arm7tdmi' '-mfloat-abi=soft' '-marm' '-march=armv4t'
 /usr/local/bin/../lib/gcc/arm-none-eabi/9.3.1/../../../../arm-none-eabi/bin/as -v -march=armv4t -mfloat-abi=soft -meabi=5 -o CMakeFiles/cmTC_13ba8.dir/CMakeCCompilerABI.c.obj /tmp/ccdZV1M1.s
GNU assembler version 2.34.0 (arm-none-eabi) using BFD version (xPack GNU Arm Embedded GCC, 64-bit) 2.34.0.20200428
COMPILER_PATH=/usr/local/bin/../libexec/gcc/arm-none-eabi/9.3.1/:/usr/local/bin/../libexec/gcc/:/usr/local/bin/../lib/gcc/arm-none-eabi/9.3.1/../../../../arm-none-eabi/bin/
LIBRARY_PATH=/usr/local/bin/../lib/gcc/arm-none-eabi/9.3.1/:/usr/local/bin/../lib/gcc/:/usr/local/bin/../lib/gcc/arm-none-eabi/9.3.1/../../../../arm-none-eabi/lib/:/usr/local/bin/../arm-none-eabi/lib/
COLLECT_GCC_OPTIONS='-v' '-o' 'CMakeFiles/cmTC_13ba8.dir/CMakeCCompilerABI.c.obj' '-c' '-mcpu=arm7tdmi' '-mfloat-abi=soft' '-marm' '-march=armv4t'
Linking C static library libcmTC_13ba8.a
/usr/bin/cmake -P CMakeFiles/cmTC_13ba8.dir/cmake_clean_target.cmake
/usr/bin/cmake -E cmake_link_script CMakeFiles/cmTC_13ba8.dir/link.txt --verbose=1
/usr/local/bin/arm-none-eabi-ar qc libcmTC_13ba8.a CMakeFiles/cmTC_13ba8.dir/CMakeCCompilerABI.c.obj
/usr/local/bin/arm-none-eabi-ranlib libcmTC_13ba8.a
gmake[1]: Leaving directory '/workspaces/stm32f1/build/CMakeFiles/CMakeScratch/TryCompile-8tE0CS'



Parsed C implicit include dir info from above output: rv=done
  found start of include info
  found start of implicit include info
    add: [/usr/local/bin/../lib/gcc/arm-none-eabi/9.3.1/include]
    add: [/usr/local/bin/../lib/gcc/arm-none-eabi/9.3.1/include-fixed]
    add: [/usr/local/bin/../lib/gcc/arm-none-eabi/9.3.1/../../../../arm-none-eabi/include]
  end of search list found
  collapse include dir [/usr/local/bin/../lib/gcc/arm-none-eabi/9.3.1/include] ==> [/usr/local/lib/gcc/arm-none-eabi/9.3.1/include]
  collapse include dir [/usr/local/bin/../lib/gcc/arm-none-eabi/9.3.1/include-fixed] ==> [/usr/local/lib/gcc/arm-none-eabi/9.3.1/include-fixed]
  collapse include dir [/usr/local/bin/../lib/gcc/arm-none-eabi/9.3.1/../../../../arm-none-eabi/include] ==> [/usr/local/arm-none-eabi/include]
  implicit include dirs: [/usr/local/lib/gcc/arm-none-eabi/9.3.1/include;/usr/local/lib/gcc/arm-none-eabi/9.3.1/include-fixed;/usr/local/arm-none-eabi/include]


Parsed C implicit link information from above output:
  link line regex: [^( *|.*[/\])(arm-none-eabi-ld|CMAKE_LINK_STARTFILE-NOTFOUND|([^/\]+-)?ld|collect2)[^/\]*( |$)]
  ignore line: [Change Dir: /workspaces/stm32f1/build/CMakeFiles/CMakeScratch/TryCompile-8tE0CS]
  ignore line: []
  ignore line: [Run Build Command(s):/usr/bin/gmake -f Makefile cmTC_13ba8/fast && /usr/bin/gmake  -f CMakeFiles/cmTC_13ba8.dir/build.make CMakeFiles/cmTC_13ba8.dir/build]
  ignore line: [gmake[1]: Entering directory '/workspaces/stm32f1/build/CMakeFiles/CMakeScratch/TryCompile-8tE0CS']
  ignore line: [Building C object CMakeFiles/cmTC_13ba8.dir/CMakeCCompilerABI.c.obj]
  ignore line: [/usr/local/bin/arm-none-eabi-gcc   -v -o CMakeFiles/cmTC_13ba8.dir/CMakeCCompilerABI.c.obj -c /usr/share/cmake-3.25/Modules/CMakeCCompilerABI.c]
  ignore line: [Using built-in specs.]
  ignore line: [COLLECT_GCC=/usr/local/bin/arm-none-eabi-gcc]
  ignore line: [Target: arm-none-eabi]
  ignore line: [Configured with: /Host/home/ilg/Work/arm-none-eabi-gcc-9.3.1-1.1/sources/gcc/configure --prefix=/Host/home/ilg/Work/arm-none-eabi-gcc-9.3.1-1.1/linux-x64/install/arm-none-eabi-gcc --infodir=/Host/home/ilg/Work/arm-none-eabi-gcc-9.3.1-1.1/linux-x64/install/arm-none-eabi-gcc/share/doc/info --mandir=/Host/home/ilg/Work/arm-none-eabi-gcc-9.3.1-1.1/linux-x64/install/arm-none-eabi-gcc/share/doc/man --htmldir=/Host/home/ilg/Work/arm-none-eabi-gcc-9.3.1-1.1/linux-x64/install/arm-none-eabi-gcc/share/doc/html --pdfdir=/Host/home/ilg/Work/arm-none-eabi-gcc-9.3.1-1.1/linux-x64/install/arm-none-eabi-gcc/share/doc/pdf --build=x86_64-unknown-linux-gnu --host=x86_64-unknown-linux-gnu --target=arm-none-eabi --with-pkgversion='xPack GNU Arm Embedded GCC\x2C 64-bit' --enable-languages=c,c++ --disable-mingw-wildcard --enable-plugins --enable-lto --disable-decimal-float --disable-libffi --disable-libgomp --disable-libmudflap --disable-libquadmath --disable-libssp --disable-libstdcxx-pch --disable-nls --disable-threads --disable-tls --with-gnu-as --with-gnu-ld --with-newlib --with-headers=yes --with-python-dir=share/gcc-arm-none-eabi --with-sysroot=/Host/home/ilg/Work/arm-none-eabi-gcc-9.3.1-1.1/linux-x64/install/arm-none-eabi-gcc/arm-none-eabi --with-native-system-header-dir=/include --with-multilib-list=rmprofile --disable-rpath --disable-build-format-warnings --with-system-zlib]
  ignore line: [Thread model: single]
  ignore line: [gcc version 9.3.1 20200408 (release) (xPack GNU Arm Embedded GCC  64-bit) ]
  ignore line: [COLLECT_GCC_OPTIONS='-v' '-o' 'CMakeFiles/cmTC_13ba8.dir/CMakeCCompilerABI.c.obj' '-c' '-mcpu=arm7tdmi' '-mfloat-abi=soft' '-marm' '-march=armv4t']
  ignore line: [ /usr/local/bin/../libexec/gcc/arm-none-eabi/9.3.1/cc1 -quiet -v -iprefix /usr/local/bin/../lib/gcc/arm-none-eabi/9.3.1/ -isysroot /usr/local/bin/../arm-none-eabi -D__USES_INITFINI__ /usr/share/cmake-3.25/Modules/CMakeCCompilerABI.c -quiet -dumpbase CMakeCCompilerABI.c -mcpu=arm7tdmi -mfloat-abi=soft -marm -march=armv4t -auxbase-strip CMakeFiles/cmTC_13ba8.dir/CMakeCCompilerABI.c.obj -version -o /tmp/ccdZV1M1.s]
  ignore line: [GNU C17 (xPack GNU Arm Embedded GCC  64-bit) version 9.3.1 20200408 (release) (arm-none-eabi)]
  ignore line: [	compiled by GNU C version 9.3.0  GMP version 6.1.0  MPFR version 3.1.4  MPC version 1.0.3  isl version isl-0.18-GMP]
  ignore line: []
  ignore line: [GGC heuristics: --param ggc-min-expand=100 --param ggc-min-heapsize=131072]
  ignore line: [ignoring duplicate directory "/usr/local/bin/../lib/gcc/../../lib/gcc/arm-none-eabi/9.3.1/include"]
  ignore line: [ignoring nonexistent directory "/usr/local/bin/../arm-none-eabi/usr/local/include"]
  ignore line: [ignoring duplicate directory "/usr/local/bin/../lib/gcc/../../lib/gcc/arm-none-eabi/9.3.1/include-fixed"]
  ignore line: [ignoring duplicate directory "/usr/local/bin/../lib/gcc/../../lib/gcc/arm-none-eabi/9.3.1/../../../../arm-none-eabi/include"]
  ignore line: [ignoring duplicate directory "/usr/local/bin/../arm-none-eabi/include"]
  ignore line: [#include "..." search starts here:]
  ignore line: [#include <...> search starts here:]
  ignore line: [ /usr/local/bin/../lib/gcc/arm-none-eabi/9.3.1/include]
  ignore line: [ /usr/local/bin/../lib/gcc/arm-none-eabi/9.3.1/include-fixed]
  ignore line: [ /usr/local/bin/../lib/gcc/arm-none-eabi/9.3.1/../../../../arm-none-eabi/include]
  ignore line: [End of search list.]
  ignore line: [GNU C17 (xPack GNU Arm Embedded GCC  64-bit) version 9.3.1 20200408 (release) (arm-none-eabi)]
  ignore line: [	compiled by GNU C version 9.3.0  GMP version 6.1.0  MPFR version 3.1.4  MPC version 1.0.3  isl version isl-0.18-GMP]
  ignore line: []
  ignore line: [GGC heuristics: --param ggc-min-expand=100 --param ggc-min-heapsize=131072]
  ignore line: [Compiler executable checksum: a55790bf8dcb536545ff83631419db5e]
  ignore line: [COLLECT_GCC_OPTIONS='-v' '-o' 'CMakeFiles/cmTC_13ba8.dir/CMakeCCompilerABI.c.obj' '-c' '-mcpu=arm7tdmi' '-mfloat-abi=soft' '-marm' '-march=armv4t']
  ignore line: [ /usr/local/bin/../lib/gcc/arm-none-eabi/9.3.1/../../../../arm-none-eabi/bin/as -v -march=armv4t -mfloat-abi=soft -meabi=5 -o CMakeFiles/cmTC_13ba8.dir/CMakeCCompilerABI.c.obj /tmp/ccdZV1M1.s]
  ignore line: [GNU assembler version 2.34.0 (arm-none-eabi) using BFD version (xPack GNU Arm Embedded GCC  64-bit) 2.34.0.20200428]
  ignore line: [COMPILER_PATH=/usr/local/bin/../libexec/gcc/arm-none-eabi/9.3.1/:/usr/local/bin/../libexec/gcc/:/usr/local/bin/../lib/gcc/arm-none-eabi/9.3.1/../../../../arm-none-eabi/bin/]
  ignore line: [LIBRARY_PATH=/usr/local/bin/../lib/gcc/arm-none-eabi/9.3.1/:/usr/local/bin/../lib/gcc/:/usr/local/bin/../lib/gcc/arm-none-eabi/9.3.1/../../../../arm-none-eabi/lib/:/usr/local/bin/../arm-none-eabi/lib/]
  ignore line: [COLLECT_GCC_OPTIONS='-v' '-o' 'CMakeFiles/cmTC_13ba8.dir/CMakeCCompilerABI.c.obj' '-c' '-mcpu=arm7tdmi' '-mfloat-abi=soft' '-marm' '-march=armv4t']
  ignore line: [Linking C static library libcmTC_13ba8.a]
  ignore line: [/usr/bin/cmake -P CMakeFiles/cmTC_13ba8.dir/cmake_clean_target.cmake]
  ignore line: [/usr/bin/cmake -E cmake_link_script CMakeFiles/cmTC_13ba8.dir/link.txt --verbose=1]
  ignore line: [/usr/local/bin/arm-none-eabi-ar qc libcmTC_13ba8.a CMakeFiles/cmTC_13ba8.dir/CMakeCCompilerABI.c.obj]
  ignore line: [/usr/local/bin/arm-none-eabi-ranlib libcmTC_13ba8.a]
  ignore line: [gmake[1]: Leaving directory '/workspaces/stm32f1/build/CMakeFiles/CMakeScratch/TryCompile-8tE0CS']
  ignore line: []
  ignore line: []
  implicit libs: []
  implicit objs: []
  implicit dirs: []
  implicit fwks: []


